# JRE version: OpenJDK Runtime Environment (21.0.6) (build 21.0.6+-13391695-b895.109)
# Java VM: OpenJDK 64-Bit Server VM (21.0.6+-13391695-b895.109, mixed mode, tiered, compressed oops, compressed class ptrs, g1 gc, windows-amd64)
GC Precious Log:
 CardTable entry size: 512
 Card Set container configuration: InlinePtr #cards 5 size 8 Array Of Cards #cards 12 size 40 Howl #buckets 4 coarsen threshold 1843 Howl Bitmap #cards 512 size 80 coarsen threshold 460 Card regions per heap region 1 cards per card region 2048
 CPUs: 12 total, 12 available
 Memory: 6005M
 Large Page Support: Disabled
 NUMA Support: Disabled
 Compressed Oops: Enabled (32-bit)
 Heap Region Size: 1M
 Heap Min Capacity: 8M
 Heap Initial Capacity: 94M
 Heap Max Capacity: 2G
 Pre-touch: Disabled
 Parallel Workers: 10
 Concurrent Workers: 3
 Concurrent Refinement Workers: 10
 Periodic GC: Disabled
Heap:
 garbage-first heap   total 423936K, used 196243K [0x0000000080000000, 0x0000000100000000)
  region size 1024K, 7 young (7168K), 7 survivors (7168K)
 Metaspace       used 158320K, committed 160320K, reserved 1245184K
  class space    used 21257K, committed 22144K, reserved 1048576K
GC Heap History (20 events):
Event: 14400.658 GC heap after
{Heap after GC invocations=96 (full 1):
 garbage-first heap   total 423936K, used 174651K [0x0000000080000000, 0x0000000100000000)
  region size 1024K, 8 young (8192K), 8 survivors (8192K)
 Metaspace       used 157701K, committed 159360K, reserved 1245184K
  class space    used 21334K, committed 22144K, reserved 1048576K
}
Event: 14409.349 GC heap before
{Heap before GC invocations=96 (full 1):
 garbage-first heap   total 423936K, used 303675K [0x0000000080000000, 0x0000000100000000)
  region size 1024K, 95 young (97280K), 8 survivors (8192K)
 Metaspace       used 158152K, committed 159808K, reserved 1245184K
  class space    used 21336K, committed 22144K, reserved 1048576K
}
Event: 14409.414 GC heap after
{Heap after GC invocations=97 (full 1):
 garbage-first heap   total 423936K, used 174296K [0x0000000080000000, 0x0000000100000000)
  region size 1024K, 4 young (4096K), 4 survivors (4096K)
 Metaspace       used 158152K, committed 159808K, reserved 1245184K
  class space    used 21336K, committed 22144K, reserved 1048576K
}
Event: 14570.131 GC heap before
{Heap before GC invocations=97 (full 1):
 garbage-first heap   total 423936K, used 334040K [0x0000000080000000, 0x0000000100000000)
  region size 1024K, 161 young (164864K), 4 survivors (4096K)
 Metaspace       used 158322K, committed 159936K, reserved 1245184K
  class space    used 21341K, committed 22144K, reserved 1048576K
}
Event: 14570.446 GC heap after
{Heap after GC invocations=98 (full 1):
 garbage-first heap   total 423936K, used 188975K [0x0000000080000000, 0x0000000100000000)
  region size 1024K, 19 young (19456K), 19 survivors (19456K)
 Metaspace       used 158322K, committed 159936K, reserved 1245184K
  class space    used 21341K, committed 22144K, reserved 1048576K
}
Event: 14570.572 GC heap before
{Heap before GC invocations=98 (full 1):
 garbage-first heap   total 423936K, used 189999K [0x0000000080000000, 0x0000000100000000)
  region size 1024K, 20 young (20480K), 19 survivors (19456K)
 Metaspace       used 158322K, committed 159936K, reserved 1245184K
  class space    used 21341K, committed 22144K, reserved 1048576K
}
Event: 14570.721 GC heap after
{Heap after GC invocations=99 (full 1):
 garbage-first heap   total 423936K, used 190872K [0x0000000080000000, 0x0000000100000000)
  region size 1024K, 3 young (3072K), 3 survivors (3072K)
 Metaspace       used 158322K, committed 159936K, reserved 1245184K
  class space    used 21341K, committed 22144K, reserved 1048576K
}
Event: 14632.075 GC heap before
{Heap before GC invocations=99 (full 1):
 garbage-first heap   total 423936K, used 306584K [0x0000000080000000, 0x0000000100000000)
  region size 1024K, 117 young (119808K), 3 survivors (3072K)
 Metaspace       used 158593K, committed 160256K, reserved 1245184K
  class space    used 21342K, committed 22144K, reserved 1048576K
}
Event: 14632.709 GC heap after
{Heap after GC invocations=100 (full 1):
 garbage-first heap   total 423936K, used 195666K [0x0000000080000000, 0x0000000100000000)
  region size 1024K, 6 young (6144K), 6 survivors (6144K)
 Metaspace       used 158593K, committed 160256K, reserved 1245184K
  class space    used 21342K, committed 22144K, reserved 1048576K
}
Event: 14635.532 GC heap before
{Heap before GC invocations=100 (full 1):
 garbage-first heap   total 423936K, used 249938K [0x0000000080000000, 0x0000000100000000)
  region size 1024K, 20 young (20480K), 6 survivors (6144K)
 Metaspace       used 158612K, committed 160256K, reserved 1245184K
  class space    used 21342K, committed 22144K, reserved 1048576K
}
Event: 14635.699 GC heap after
{Heap after GC invocations=101 (full 1):
 garbage-first heap   total 423936K, used 191805K [0x0000000080000000, 0x0000000100000000)
  region size 1024K, 1 young (1024K), 1 survivors (1024K)
 Metaspace       used 158612K, committed 160256K, reserved 1245184K
  class space    used 21342K, committed 22144K, reserved 1048576K
}
Event: 14717.815 GC heap before
{Heap before GC invocations=101 (full 1):
 garbage-first heap   total 423936K, used 243005K [0x0000000080000000, 0x0000000100000000)
  region size 1024K, 51 young (52224K), 1 survivors (1024K)
 Metaspace       used 158642K, committed 160256K, reserved 1245184K
  class space    used 21345K, committed 22144K, reserved 1048576K
}
Event: 14718.113 GC heap after
{Heap after GC invocations=102 (full 1):
 garbage-first heap   total 423936K, used 195008K [0x0000000080000000, 0x0000000100000000)
  region size 1024K, 5 young (5120K), 5 survivors (5120K)
 Metaspace       used 158642K, committed 160256K, reserved 1245184K
  class space    used 21345K, committed 22144K, reserved 1048576K
}
Event: 14719.567 GC heap before
{Heap before GC invocations=102 (full 1):
 garbage-first heap   total 423936K, used 209344K [0x0000000080000000, 0x0000000100000000)
  region size 1024K, 20 young (20480K), 5 survivors (5120K)
 Metaspace       used 158651K, committed 160320K, reserved 1245184K
  class space    used 21345K, committed 22144K, reserved 1048576K
}
Event: 14719.598 GC heap after
{Heap after GC invocations=103 (full 1):
 garbage-first heap   total 423936K, used 196098K [0x0000000080000000, 0x0000000100000000)
  region size 1024K, 2 young (2048K), 2 survivors (2048K)
 Metaspace       used 158651K, committed 160320K, reserved 1245184K
  class space    used 21345K, committed 22144K, reserved 1048576K
}
Event: 14726.915 GC heap before
{Heap before GC invocations=104 (full 1):
 garbage-first heap   total 423936K, used 213506K [0x0000000080000000, 0x0000000100000000)
  region size 1024K, 24 young (24576K), 2 survivors (2048K)
 Metaspace       used 158299K, committed 160320K, reserved 1245184K
  class space    used 21255K, committed 22144K, reserved 1048576K
}
Event: 14726.951 GC heap after
{Heap after GC invocations=105 (full 1):
 garbage-first heap   total 423936K, used 194427K [0x0000000080000000, 0x0000000100000000)
  region size 1024K, 3 young (3072K), 3 survivors (3072K)
 Metaspace       used 158299K, committed 160320K, reserved 1245184K
  class space    used 21255K, committed 22144K, reserved 1048576K
}
Event: 14728.116 GC heap before
{Heap before GC invocations=105 (full 1):
 garbage-first heap   total 423936K, used 213883K [0x0000000080000000, 0x0000000100000000)
  region size 1024K, 22 young (22528K), 3 survivors (3072K)
 Metaspace       used 158305K, committed 160320K, reserved 1245184K
  class space    used 21256K, committed 22144K, reserved 1048576K
}
Event: 14728.163 GC heap after
{Heap after GC invocations=106 (full 1):
 garbage-first heap   total 423936K, used 194614K [0x0000000080000000, 0x0000000100000000)
  region size 1024K, 3 young (3072K), 3 survivors (3072K)
 Metaspace       used 158305K, committed 160320K, reserved 1245184K
  class space    used 21256K, committed 22144K, reserved 1048576K
}
Event: 14732.749 GC heap before
{Heap before GC invocations=106 (full 1):
 garbage-first heap   total 423936K, used 242742K [0x0000000080000000, 0x0000000100000000)
  region size 1024K, 51 young (52224K), 3 survivors (3072K)
 Metaspace       used 158320K, committed 160320K, reserved 1245184K
  class space    used 21257K, committed 22144K, reserved 1048576K
}

